<?xml version="1.0" encoding="UTF-8"?>
<!-- Generated by org.testng.reporters.JUnitXMLReporter -->
<testsuite ignored="0" hostname="DESKTOP-R5NPD3S" failures="0" tests="3" name="Default test" time="115.113" errors="0" timestamp="29 Jun 2022 10:46:12 GMT">
  <testcase classname="pack500.PopTest" name="laptoptest" time="37.679"/>
  <testcase classname="pack500.PopTest" name="spketest" time="20.686"/>
  <testcase classname="pack500.PopTest" name="tabletest" time="20.698"/>
</testsuite> <!-- Default test -->
