<?xml version="1.0" encoding="UTF-8"?>
<testng-results ignored="0" total="3" passed="2" failed="1" skipped="0">
  <reporter-output>
  </reporter-output>
  <suite started-at="2022-06-29T11:07:28Z" name="Surefire suite" finished-at="2022-06-29T11:09:09Z" duration-ms="101300">
    <groups>
    </groups>
    <test started-at="2022-06-29T11:07:28Z" name="Surefire test" finished-at="2022-06-29T11:09:09Z" duration-ms="101300">
      <class name="pack500.PopTest">
        <test-method is-config="true" signature="launchobrowser()[pri:0, instance:pack500.PopTest@6c3f5566]" started-at="2022-06-29T11:07:28Z" name="launchobrowser" finished-at="2022-06-29T11:07:38Z" duration-ms="10486" status="PASS">
          <reporter-output>
          </reporter-output>
        </test-method> <!-- launchobrowser -->
        <test-method signature="laptoptest()[pri:0, instance:pack500.PopTest@6c3f5566]" started-at="2022-06-29T11:07:38Z" name="laptoptest" finished-at="2022-06-29T11:08:03Z" duration-ms="24867" status="PASS">
          <reporter-output>
          </reporter-output>
        </test-method> <!-- laptoptest -->
        <test-method is-config="true" signature="closebrowser()[pri:0, instance:pack500.PopTest@6c3f5566]" started-at="2022-06-29T11:08:03Z" name="closebrowser" finished-at="2022-06-29T11:08:04Z" duration-ms="1002" status="PASS">
          <reporter-output>
          </reporter-output>
        </test-method> <!-- closebrowser -->
        <test-method is-config="true" signature="launchobrowser()[pri:0, instance:pack500.PopTest@6c3f5566]" started-at="2022-06-29T11:08:04Z" name="launchobrowser" finished-at="2022-06-29T11:08:22Z" duration-ms="17852" status="PASS">
          <reporter-output>
          </reporter-output>
        </test-method> <!-- launchobrowser -->
        <test-method signature="spketest()[pri:0, instance:pack500.PopTest@6c3f5566]" started-at="2022-06-29T11:08:22Z" name="spketest" finished-at="2022-06-29T11:08:42Z" duration-ms="20155" status="FAIL">
          <exception class="org.openqa.selenium.ElementClickInterceptedException">
            <message>
              <![CDATA[element click intercepted: Element <a href="javascript:void(0)" role="link" class="menu navLinks roboto-regular ng-scope" ng-click="gotoElement('popular_items')" translate="POPULAR_ITEMS" style="display: block; opacity: 1;">...</a> is not clickable at point (928, 34). Other element would receive the click: <div class="loader" style="display: block; opacity: 1;">...</div>
  (Session info: chrome=102.0.5005.115)
Build info: version: '4.1.4', revision: '535d840ee2'
System info: host: 'DESKTOP-R5NPD3S', ip: '192.168.1.2', os.name: 'Windows 10', os.arch: 'amd64', os.version: '10.0', java.version: '17.0.2'
Driver info: org.openqa.selenium.chrome.ChromeDriver
Command: [16ba0fb96e75b32141aaa383f90b2952, clickElement {id=adef2c0c-1422-4d2b-b9b2-d0eaa56929f9}]
Capabilities {acceptInsecureCerts: false, browserName: chrome, browserVersion: 102.0.5005.115, chrome: {chromedriverVersion: 102.0.5005.61 (0e59bcc00cc4..., userDataDir: C:\Users\91949\AppData\Loca...}, goog:chromeOptions: {debuggerAddress: localhost:57949}, javascriptEnabled: true, networkConnectionEnabled: false, pageLoadStrategy: normal, platform: WINDOWS, platformName: WINDOWS, proxy: Proxy(), se:cdp: ws://localhost:57949/devtoo..., se:cdpVersion: 102.0.5005.115, setWindowRect: true, strictFileInteractability: false, timeouts: {implicit: 0, pageLoad: 300000, script: 30000}, unhandledPromptBehavior: dismiss and notify, webauthn:extension:credBlob: true, webauthn:extension:largeBlob: true, webauthn:virtualAuthenticators: true}
Element: [[ChromeDriver: chrome on WINDOWS (16ba0fb96e75b32141aaa383f90b2952)] -> link text: POPULAR ITEMS]
Session ID: 16ba0fb96e75b32141aaa383f90b2952]]>
            </message>
            <full-stacktrace>
              <![CDATA[org.openqa.selenium.ElementClickInterceptedException: element click intercepted: Element <a href="javascript:void(0)" role="link" class="menu navLinks roboto-regular ng-scope" ng-click="gotoElement('popular_items')" translate="POPULAR_ITEMS" style="display: block; opacity: 1;">...</a> is not clickable at point (928, 34). Other element would receive the click: <div class="loader" style="display: block; opacity: 1;">...</div>
  (Session info: chrome=102.0.5005.115)
Build info: version: '4.1.4', revision: '535d840ee2'
System info: host: 'DESKTOP-R5NPD3S', ip: '192.168.1.2', os.name: 'Windows 10', os.arch: 'amd64', os.version: '10.0', java.version: '17.0.2'
Driver info: org.openqa.selenium.chrome.ChromeDriver
Command: [16ba0fb96e75b32141aaa383f90b2952, clickElement {id=adef2c0c-1422-4d2b-b9b2-d0eaa56929f9}]
Capabilities {acceptInsecureCerts: false, browserName: chrome, browserVersion: 102.0.5005.115, chrome: {chromedriverVersion: 102.0.5005.61 (0e59bcc00cc4..., userDataDir: C:\Users\91949\AppData\Loca...}, goog:chromeOptions: {debuggerAddress: localhost:57949}, javascriptEnabled: true, networkConnectionEnabled: false, pageLoadStrategy: normal, platform: WINDOWS, platformName: WINDOWS, proxy: Proxy(), se:cdp: ws://localhost:57949/devtoo..., se:cdpVersion: 102.0.5005.115, setWindowRect: true, strictFileInteractability: false, timeouts: {implicit: 0, pageLoad: 300000, script: 30000}, unhandledPromptBehavior: dismiss and notify, webauthn:extension:credBlob: true, webauthn:extension:largeBlob: true, webauthn:virtualAuthenticators: true}
Element: [[ChromeDriver: chrome on WINDOWS (16ba0fb96e75b32141aaa383f90b2952)] -> link text: POPULAR ITEMS]
Session ID: 16ba0fb96e75b32141aaa383f90b2952
at java.base/jdk.internal.reflect.NativeConstructorAccessorImpl.newInstance0(Native Method)
at java.base/jdk.internal.reflect.NativeConstructorAccessorImpl.newInstance(NativeConstructorAccessorImpl.java:77)
at java.base/jdk.internal.reflect.DelegatingConstructorAccessorImpl.newInstance(DelegatingConstructorAccessorImpl.java:45)
at java.base/java.lang.reflect.Constructor.newInstanceWithCaller(Constructor.java:499)
at java.base/java.lang.reflect.Constructor.newInstance(Constructor.java:480)
at org.openqa.selenium.remote.codec.w3c.W3CHttpResponseCodec.createException(W3CHttpResponseCodec.java:200)
at org.openqa.selenium.remote.codec.w3c.W3CHttpResponseCodec.decode(W3CHttpResponseCodec.java:133)
at org.openqa.selenium.remote.codec.w3c.W3CHttpResponseCodec.decode(W3CHttpResponseCodec.java:53)
at org.openqa.selenium.remote.HttpCommandExecutor.execute(HttpCommandExecutor.java:184)
at org.openqa.selenium.remote.service.DriverCommandExecutor.invokeExecute(DriverCommandExecutor.java:167)
at org.openqa.selenium.remote.service.DriverCommandExecutor.execute(DriverCommandExecutor.java:142)
at org.openqa.selenium.remote.RemoteWebDriver.execute(RemoteWebDriver.java:567)
at org.openqa.selenium.remote.RemoteWebElement.execute(RemoteWebElement.java:251)
at org.openqa.selenium.remote.RemoteWebElement.click(RemoteWebElement.java:77)
at pack500.PopTest.spketest(PopTest.java:89)
at java.base/jdk.internal.reflect.NativeMethodAccessorImpl.invoke0(Native Method)
at java.base/jdk.internal.reflect.NativeMethodAccessorImpl.invoke(NativeMethodAccessorImpl.java:77)
at java.base/jdk.internal.reflect.DelegatingMethodAccessorImpl.invoke(DelegatingMethodAccessorImpl.java:43)
at java.base/java.lang.reflect.Method.invoke(Method.java:568)
at org.testng.internal.MethodInvocationHelper.invokeMethod(MethodInvocationHelper.java:124)
at org.testng.internal.Invoker.invokeMethod(Invoker.java:583)
at org.testng.internal.Invoker.invokeTestMethod(Invoker.java:719)
at org.testng.internal.Invoker.invokeTestMethods(Invoker.java:989)
at org.testng.internal.TestMethodWorker.invokeTestMethods(TestMethodWorker.java:125)
at org.testng.internal.TestMethodWorker.run(TestMethodWorker.java:109)
at org.testng.TestRunner.privateRun(TestRunner.java:648)
at org.testng.TestRunner.run(TestRunner.java:505)
at org.testng.SuiteRunner.runTest(SuiteRunner.java:455)
at org.testng.SuiteRunner.runSequentially(SuiteRunner.java:450)
at org.testng.SuiteRunner.privateRun(SuiteRunner.java:415)
at org.testng.SuiteRunner.run(SuiteRunner.java:364)
at org.testng.SuiteRunnerWorker.runSuite(SuiteRunnerWorker.java:52)
at org.testng.SuiteRunnerWorker.run(SuiteRunnerWorker.java:84)
at org.testng.TestNG.runSuitesSequentially(TestNG.java:1208)
at org.testng.TestNG.runSuitesLocally(TestNG.java:1137)
at org.testng.TestNG.runSuites(TestNG.java:1049)
at org.testng.TestNG.run(TestNG.java:1017)
at org.apache.maven.surefire.testng.TestNGExecutor.run(TestNGExecutor.java:135)
at org.apache.maven.surefire.testng.TestNGDirectoryTestSuite.executeSingleClass(TestNGDirectoryTestSuite.java:112)
at org.apache.maven.surefire.testng.TestNGDirectoryTestSuite.execute(TestNGDirectoryTestSuite.java:99)
at org.apache.maven.surefire.testng.TestNGProvider.invoke(TestNGProvider.java:146)
at org.apache.maven.surefire.booter.ForkedBooter.invokeProviderInSameClassLoader(ForkedBooter.java:384)
at org.apache.maven.surefire.booter.ForkedBooter.runSuitesInProcess(ForkedBooter.java:345)
at org.apache.maven.surefire.booter.ForkedBooter.execute(ForkedBooter.java:126)
at org.apache.maven.surefire.booter.ForkedBooter.main(ForkedBooter.java:418)
]]>
            </full-stacktrace>
          </exception> <!-- org.openqa.selenium.ElementClickInterceptedException -->
          <reporter-output>
          </reporter-output>
        </test-method> <!-- spketest -->
        <test-method is-config="true" signature="closebrowser()[pri:0, instance:pack500.PopTest@6c3f5566]" started-at="2022-06-29T11:08:42Z" name="closebrowser" finished-at="2022-06-29T11:08:42Z" duration-ms="379" status="PASS">
          <reporter-output>
          </reporter-output>
        </test-method> <!-- closebrowser -->
        <test-method is-config="true" signature="launchobrowser()[pri:0, instance:pack500.PopTest@6c3f5566]" started-at="2022-06-29T11:08:42Z" name="launchobrowser" finished-at="2022-06-29T11:08:48Z" duration-ms="5219" status="PASS">
          <reporter-output>
          </reporter-output>
        </test-method> <!-- launchobrowser -->
        <test-method signature="tabletest()[pri:0, instance:pack500.PopTest@6c3f5566]" started-at="2022-06-29T11:08:48Z" name="tabletest" finished-at="2022-06-29T11:09:08Z" duration-ms="20723" status="PASS">
          <reporter-output>
          </reporter-output>
        </test-method> <!-- tabletest -->
        <test-method is-config="true" signature="closebrowser()[pri:0, instance:pack500.PopTest@6c3f5566]" started-at="2022-06-29T11:09:08Z" name="closebrowser" finished-at="2022-06-29T11:09:09Z" duration-ms="500" status="PASS">
          <reporter-output>
          </reporter-output>
        </test-method> <!-- closebrowser -->
      </class> <!-- pack500.PopTest -->
    </test> <!-- Surefire test -->
  </suite> <!-- Surefire suite -->
</testng-results>
