<?xml version="1.0" encoding="UTF-8"?>
<testsuite xmlns:xsi="http://www.w3.org/2001/XMLSchema-instance" xsi:noNamespaceSchemaLocation="https://maven.apache.org/surefire/maven-surefire-plugin/xsd/surefire-test-report.xsd" name="pack500.PopTest" time="102.323" tests="3" errors="0" skipped="0" failures="1">
  <properties>
[...]
</properties>
  <testcase name="laptoptest" classname="pack500.PopTest" time="24.868"/>
  <testcase name="spketest" classname="pack500.PopTest" time="20.205">
    <failure message="element click intercepted: Element &lt;a href=&quot;javascript:void(0)&quot; role=&quot;link&quot; class=&quot;menu navLinks roboto-regular ng-scope&quot; ng-click=&quot;gotoElement(&apos;popular_items&apos;)&quot; translate=&quot;POPULAR_ITEMS&quot; style=&quot;display: block; opacity: 1;&quot;&gt;...&lt;/a&gt; is not clickable at point (928, 34). Other element would receive the click: &lt;div class=&quot;loader&quot; style=&quot;display: block; opacity: 1;&quot;&gt;...&lt;/div&gt;&#10;  (Session info: chrome=102.0.5005.115)&#10;Build info: version: &apos;4.1.4&apos;, revision: &apos;535d840ee2&apos;&#10;System info: host: &apos;DESKTOP-R5NPD3S&apos;, ip: &apos;192.168.1.2&apos;, os.name: &apos;Windows 10&apos;, os.arch: &apos;amd64&apos;, os.version: &apos;10.0&apos;, java.version: &apos;17.0.2&apos;&#10;Driver info: org.openqa.selenium.chrome.ChromeDriver&#10;Command: [16ba0fb96e75b32141aaa383f90b2952, clickElement {id=adef2c0c-1422-4d2b-b9b2-d0eaa56929f9}]&#10;Capabilities {acceptInsecureCerts: false, browserName: chrome, browserVersion: 102.0.5005.115, chrome: {chromedriverVersion: 102.0.5005.61 (0e59bcc00cc4..., userDataDir: C:\Users\91949\AppData\Loca...}, goog:chromeOptions: {debuggerAddress: localhost:57949}, javascriptEnabled: true, networkConnectionEnabled: false, pageLoadStrategy: normal, platform: WINDOWS, platformName: WINDOWS, proxy: Proxy(), se:cdp: ws://localhost:57949/devtoo..., se:cdpVersion: 102.0.5005.115, setWindowRect: true, strictFileInteractability: false, timeouts: {implicit: 0, pageLoad: 300000, script: 30000}, unhandledPromptBehavior: dismiss and notify, webauthn:extension:credBlob: true, webauthn:extension:largeBlob: true, webauthn:virtualAuthenticators: true}&#10;Element: [[ChromeDriver: chrome on WINDOWS (16ba0fb96e75b32141aaa383f90b2952)] -&gt; link text: POPULAR ITEMS]&#10;Session ID: 16ba0fb96e75b32141aaa383f90b2952" type="org.openqa.selenium.ElementClickInterceptedException"><![CDATA[org.openqa.selenium.ElementClickInterceptedException: 
element click intercepted: Element <a href="javascript:void(0)" role="link" class="menu navLinks roboto-regular ng-scope" ng-click="gotoElement('popular_items')" translate="POPULAR_ITEMS" style="display: block; opacity: 1;">...</a> is not clickable at point (928, 34). Other element would receive the click: <div class="loader" style="display: block; opacity: 1;">...</div>
  (Session info: chrome=102.0.5005.115)
Build info: version: '4.1.4', revision: '535d840ee2'
System info: host: 'DESKTOP-R5NPD3S', ip: '192.168.1.2', os.name: 'Windows 10', os.arch: 'amd64', os.version: '10.0', java.version: '17.0.2'
Driver info: org.openqa.selenium.chrome.ChromeDriver
Command: [16ba0fb96e75b32141aaa383f90b2952, clickElement {id=adef2c0c-1422-4d2b-b9b2-d0eaa56929f9}]
Capabilities {acceptInsecureCerts: false, browserName: chrome, browserVersion: 102.0.5005.115, chrome: {chromedriverVersion: 102.0.5005.61 (0e59bcc00cc4..., userDataDir: C:\Users\91949\AppData\Loca...}, goog:chromeOptions: {debuggerAddress: localhost:57949}, javascriptEnabled: true, networkConnectionEnabled: false, pageLoadStrategy: normal, platform: WINDOWS, platformName: WINDOWS, proxy: Proxy(), se:cdp: ws://localhost:57949/devtoo..., se:cdpVersion: 102.0.5005.115, setWindowRect: true, strictFileInteractability: false, timeouts: {implicit: 0, pageLoad: 300000, script: 30000}, unhandledPromptBehavior: dismiss and notify, webauthn:extension:credBlob: true, webauthn:extension:largeBlob: true, webauthn:virtualAuthenticators: true}
Element: [[ChromeDriver: chrome on WINDOWS (16ba0fb96e75b32141aaa383f90b2952)] -> link text: POPULAR ITEMS]
Session ID: 16ba0fb96e75b32141aaa383f90b2952
	at pack500.PopTest.spketest(PopTest.java:89)
]]></failure>
    <system-err><![CDATA[Starting ChromeDriver 102.0.5005.61 (0e59bcc00cc4985ce39ad31c150065f159d95ad3-refs/branch-heads/5005@{#819}) on port 53626
Only local connections are allowed.
Please see https://chromedriver.chromium.org/security-considerations for suggestions on keeping ChromeDriver safe.
ChromeDriver was started successfully.
Jun 29, 2022 4:38:07 PM org.openqa.selenium.remote.ProtocolHandshake createSession
INFO: Detected dialect: W3C
Jun 29, 2022 4:38:07 PM org.openqa.selenium.devtools.CdpVersionFinder findNearestMatch
WARNING: Unable to find an exact match for CDP version 102, so returning the closest version found: 101
Jun 29, 2022 4:38:07 PM org.openqa.selenium.devtools.CdpVersionFinder findNearestMatch
INFO: Found CDP implementation for version 102 of 101
]]></system-err>
  </testcase>
  <testcase name="tabletest" classname="pack500.PopTest" time="20.723"/>
</testsuite>