<?xml version="1.0" encoding="UTF-8"?>
<testng-results ignored="0" total="3" passed="3" failed="0" skipped="0">
  <reporter-output>
  </reporter-output>
  <suite started-at="2022-06-29T10:44:16Z" name="Default suite" finished-at="2022-06-29T10:46:11Z" duration-ms="115113">
    <groups>
    </groups>
    <test started-at="2022-06-29T10:44:16Z" name="Default test" finished-at="2022-06-29T10:46:11Z" duration-ms="115113">
      <class name="pack500.PopTest">
        <test-method is-config="true" signature="launchobrowser()[pri:0, instance:pack500.PopTest@132e0cc]" started-at="2022-06-29T10:44:16Z" name="launchobrowser" finished-at="2022-06-29T10:44:39Z" duration-ms="22983" status="PASS">
          <reporter-output>
          </reporter-output>
        </test-method> <!-- launchobrowser -->
        <test-method signature="laptoptest()[pri:0, instance:pack500.PopTest@132e0cc]" started-at="2022-06-29T10:44:39Z" name="laptoptest" finished-at="2022-06-29T10:45:17Z" duration-ms="37679" status="PASS">
          <reporter-output>
          </reporter-output>
        </test-method> <!-- laptoptest -->
        <test-method is-config="true" signature="closebrowser()[pri:0, instance:pack500.PopTest@132e0cc]" started-at="2022-06-29T10:45:17Z" name="closebrowser" finished-at="2022-06-29T10:45:18Z" duration-ms="573" status="PASS">
          <reporter-output>
          </reporter-output>
        </test-method> <!-- closebrowser -->
        <test-method is-config="true" signature="launchobrowser()[pri:0, instance:pack500.PopTest@132e0cc]" started-at="2022-06-29T10:45:18Z" name="launchobrowser" finished-at="2022-06-29T10:45:23Z" duration-ms="5741" status="PASS">
          <reporter-output>
          </reporter-output>
        </test-method> <!-- launchobrowser -->
        <test-method signature="spketest()[pri:0, instance:pack500.PopTest@132e0cc]" started-at="2022-06-29T10:45:23Z" name="spketest" finished-at="2022-06-29T10:45:44Z" duration-ms="20686" status="PASS">
          <reporter-output>
          </reporter-output>
        </test-method> <!-- spketest -->
        <test-method is-config="true" signature="closebrowser()[pri:0, instance:pack500.PopTest@132e0cc]" started-at="2022-06-29T10:45:44Z" name="closebrowser" finished-at="2022-06-29T10:45:45Z" duration-ms="524" status="PASS">
          <reporter-output>
          </reporter-output>
        </test-method> <!-- closebrowser -->
        <test-method is-config="true" signature="launchobrowser()[pri:0, instance:pack500.PopTest@132e0cc]" started-at="2022-06-29T10:45:45Z" name="launchobrowser" finished-at="2022-06-29T10:45:50Z" duration-ms="5737" status="PASS">
          <reporter-output>
          </reporter-output>
        </test-method> <!-- launchobrowser -->
        <test-method signature="tabletest()[pri:0, instance:pack500.PopTest@132e0cc]" started-at="2022-06-29T10:45:50Z" name="tabletest" finished-at="2022-06-29T10:46:11Z" duration-ms="20698" status="PASS">
          <reporter-output>
          </reporter-output>
        </test-method> <!-- tabletest -->
        <test-method is-config="true" signature="closebrowser()[pri:0, instance:pack500.PopTest@132e0cc]" started-at="2022-06-29T10:46:11Z" name="closebrowser" finished-at="2022-06-29T10:46:11Z" duration-ms="442" status="PASS">
          <reporter-output>
          </reporter-output>
        </test-method> <!-- closebrowser -->
      </class> <!-- pack500.PopTest -->
    </test> <!-- Default test -->
  </suite> <!-- Default suite -->
</testng-results>
